<?xml version="1.0" encoding="UTF-8"?>
<!-- Generated by org.testng.reporters.JUnitXMLReporter -->
<testsuite hostname="rashmis-mbp" ignored="0" name="/Users/rashmi.j/Documents/API-Suite/src/test/java/com/api/tests/PetTest.java" tests="2" failures="0" timestamp="22 Apr 2022 11:31:56 GMT" time="5.355" errors="0">
  <testcase name="createNewPetAndVerify" time="2.852" classname="com.api.tests.PetTest"/>
  <testcase name="verifyPetByID" time="2.489" classname="com.api.tests.PetTest"/>
</testsuite> <!-- /Users/rashmi.j/Documents/API-Suite/src/test/java/com/api/tests/PetTest.java -->
